<?xml version="1.0" encoding="UTF-8"?>
<!-- Generated by org.testng.reporters.JUnitXMLReporter -->
<testsuite ignored="0" hostname="AKASH-PC" failures="2" tests="8" name="Meta Group Test" time="8.82" errors="0" timestamp="2021-12-17T08:58:31 IST">
  <testcase classname="TestNGPackage.groupingConcept" name="testCase1" time="0.015"/>
  <testcase classname="TestNGPackage.groupingConcept" name="testCase2" time="0.002"/>
  <testcase classname="TestNGPackage.groupingConcept" name="testCase3" time="0.004"/>
  <testcase classname="TestNGPackage.groupingConcpt" name="login" time="0.003"/>
  <testcase classname="TestNGPackage.groupingConcpt" name="navigate" time="0.003"/>
  <testcase classname="TestNGPackage.FaceBookPage" name="navigateToPage" time="2.761"/>
  <testcase classname="TestNGPackage.FaceBookPage" name="CheckPageTitle" time="0.024">
    <failure type="java.lang.AssertionError" message="expected [Faceboo] but found [Facebook – log in or sign up]">
      <![CDATA[java.lang.AssertionError: expected [Faceboo] but found [Facebook – log in or sign up]
at TestNGPackage.FaceBookPage.CheckPageTitle(FaceBookPage.java:47)
at java.base/java.util.ArrayList.forEach(ArrayList.java:1540)
... Removed 33 stack frames]]>
    </failure>
  </testcase> <!-- CheckPageTitle -->
  <testcase classname="TestNGPackage.FaceBookPage" name="login" time="0.0">
    <failure type="org.testng.TestNGException" message="
Parameter &amp;apos;inputEmail&amp;apos; is required by @Test on method login but has not been marked @Optional or defined
in G:\VELOCITY\WORK\Eclips_project\Selenium_concept\metaGroup.xml">
      <![CDATA[org.testng.TestNGException: 
Parameter 'inputEmail' is required by @Test on method login but has not been marked @Optional or defined
in G:\VELOCITY\WORK\Eclips_project\Selenium_concept\metaGroup.xml
at java.base/java.util.ArrayList.forEach(ArrayList.java:1540)
... Removed 26 stack frames]]>
    </failure>
  </testcase> <!-- login -->
</testsuite> <!-- Meta Group Test -->
